<?xml version="1.0" encoding="UTF-8"?>
<!-- Generated by org.testng.reporters.JUnitXMLReporter -->
<testsuite ignored="0" hostname="POOJA" failures="1" tests="1" name="smoke run" time="20.97" errors="0" timestamp="2023-02-20T23:28:05 IST">
  <testcase classname="com.obsqura.scripts.LoginPageTest" name="validLogin" time="0.075">
    <failure type="java.lang.NullPointerException">
      <![CDATA[java.lang.NullPointerException
at com.obsqura.utilities.ExcelUtility.getCellData(ExcelUtility.java:35)
at com.obsqura.scripts.LoginPageTest.validLogin(LoginPageTest.java:26)
at java.base/java.util.ArrayList.forEach(ArrayList.java:1540)
at java.base/java.util.concurrent.FutureTask.run(FutureTask.java:264)
at java.base/java.util.concurrent.ThreadPoolExecutor.runWorker(ThreadPoolExecutor.java:1128)
at java.base/java.util.concurrent.ThreadPoolExecutor$Worker.run(ThreadPoolExecutor.java:628)
at java.base/java.lang.Thread.run(Thread.java:834)
... Removed 18 stack frames]]>
    </failure>
  </testcase> <!-- validLogin -->
</testsuite> <!-- smoke run -->
