<?xml version="1.0" encoding="UTF-8"?>
<testng-results ignored="0" total="1" passed="1" failed="0" skipped="0">
  <reporter-output>
  </reporter-output>
  <suite started-at="2023-02-28T23:11:09 IST" name="Default suite" finished-at="2023-02-28T23:11:28 IST" duration-ms="19059">
    <groups>
    </groups>
    <test started-at="2023-02-28T23:11:09 IST" name="Default test" finished-at="2023-02-28T23:11:28 IST" duration-ms="19059">
      <class name="com.obsqura.scripts.StockAdjustmentPageTest">
        <test-method is-config="true" signature="launchBrowser()[pri:0, instance:com.obsqura.scripts.StockAdjustmentPageTest@52719fb6]" started-at="2023-02-28T23:11:09 IST" name="launchBrowser" finished-at="2023-02-28T23:11:18 IST" duration-ms="9510" status="PASS">
          <reporter-output>
          </reporter-output>
        </test-method> <!-- launchBrowser -->
        <test-method signature="verifyAddStockAdjustment()[pri:0, instance:com.obsqura.scripts.StockAdjustmentPageTest@52719fb6]" started-at="2023-02-28T23:11:18 IST" name="verifyAddStockAdjustment" finished-at="2023-02-28T23:11:28 IST" duration-ms="9466" status="PASS">
          <reporter-output>
          </reporter-output>
        </test-method> <!-- verifyAddStockAdjustment -->
        <test-method is-config="true" signature="terminateInstance(org.testng.ITestResult)[pri:0, instance:com.obsqura.scripts.StockAdjustmentPageTest@52719fb6]" started-at="2023-02-28T23:11:28 IST" name="terminateInstance" finished-at="2023-02-28T23:11:28 IST" duration-ms="9" status="PASS">
          <params>
            <param index="0">
              <value>
                <![CDATA[[TestResult name=verifyAddStockAdjustment status=SUCCESS method=StockAdjustmentPageTest.verifyAddStockAdjustment()[pri:0, instance:com.obsqura.scripts.StockAdjustmentPageTest@52719fb6] output={null}]]]>
              </value>
            </param>
          </params>
          <reporter-output>
          </reporter-output>
        </test-method> <!-- terminateInstance -->
      </class> <!-- com.obsqura.scripts.StockAdjustmentPageTest -->
    </test> <!-- Default test -->
  </suite> <!-- Default suite -->
</testng-results>
